<?xml version="1.0" encoding="UTF-8"?>
<!-- Generated by org.testng.reporters.JUnitReportReporter -->
<testsuite hostname="Arpitas-MacBook-Air.local" failures="0" tests="1" name="com.automation.TestNGTest" time="0.006" errors="0" timestamp="2025-01-30T16:01:12 IST" skipped="0">
  <testcase classname="com.automation.TestNGTest" name="testSearch" time="0.006"/>
  <system-out/>
</testsuite> <!-- com.automation.TestNGTest -->
